<?xml version="1.0" encoding="UTF-8"?>
<!-- Generated by org.testng.reporters.JUnitReportReporter -->
<testsuite hostname="LAPTOP-LEKBI2B9" failures="0" tests="1" name="TestCases.TC001_AccountRegistrationTest" time="1.576" errors="0" timestamp="2025-03-31T14:28:14 IST" skipped="0">
  <testcase classname="TestCases.TC001_AccountRegistrationTest" name="account_registeration" time="1.576"/>
</testsuite> <!-- TestCases.TC001_AccountRegistrationTest -->
