<?xml version="1.0" encoding="UTF-8"?>
<!-- Generated by org.testng.reporters.JUnitReportReporter -->
<testsuite hostname="LAPTOP-LEKBI2B9" failures="0" tests="1" name="TestCases.TC002_LoginTest" time="1.229" errors="0" timestamp="2025-03-31T14:28:14 IST" skipped="0">
  <testcase classname="TestCases.TC002_LoginTest" name="verify_login" time="1.229"/>
</testsuite> <!-- TestCases.TC002_LoginTest -->
