<?xml version="1.0" encoding="UTF-8"?>
<!-- Generated by org.testng.reporters.JUnitReportReporter -->
<testsuite hostname="LAPTOP-LEKBI2B9" failures="0" tests="1" name="TestCases.TC001_AccountRegistrationTest" time="1.855" errors="0" timestamp="2025-04-05T09:21:56 IST" skipped="0">
  <testcase classname="TestCases.TC001_AccountRegistrationTest" name="account_registeration" time="1.855"/>
</testsuite> <!-- TestCases.TC001_AccountRegistrationTest -->
